  main.cpp
  _启动窗口_.cpp
  _启动窗口.cpp
main.obj : error LNK2001: 无法解析的外部符号 "public: class 窗口 & __thiscall 窗口::初显(int)" (?初显@窗口@@QAEAAV1@H@Z)
main.obj : error LNK2001: 无法解析的外部符号 "void __cdecl 全局初始化配置(struct HINSTANCE__ *,bool)" (?全局初始化配置@@YAXPAUHINSTANCE__@@_N@Z)
main.obj : error LNK2001: 无法解析的外部符号 "int __cdecl Win32消息循环(void)" (?Win32消息循环@@YAHXZ)
_启动窗口_.obj : error LNK2001: 无法解析的外部符号 "public: __thiscall 窗口::参数::参数(void)" (??0参数@窗口@@QAE@XZ)
_启动窗口_.obj : error LNK2001: 无法解析的外部符号 "public: void __thiscall 窗口::完毕(bool)" (?完毕@窗口@@QAEX_N@Z)
_启动窗口_.obj : error LNK2001: 无法解析的外部符号 "public: bool __thiscall 窗口::创建(struct 窗口::参数 const &,class 窗口 *,bool)" (?创建@窗口@@QAE_NABU参数@1@PAV1@_N@Z)
_启动窗口_.obj : error LNK2001: 无法解析的外部符号 "public: bool __thiscall 按钮::创建(struct 按钮::参数 const &,class 容器类 *,struct HWND__ *)" (?创建@按钮@@QAE_NABU参数@1@PAV容器类@@PAUHWND__@@@Z)
_启动窗口.obj : error LNK2001: 无法解析的外部符号 "public: virtual long __thiscall 窗口::挂接消息(struct HWND__ *,unsigned int,unsigned int,long)" (?挂接消息@窗口@@UAEJPAUHWND__@@IIJ@Z)
_启动窗口.obj : error LNK2001: 无法解析的外部符号 "public: virtual bool __thiscall 窗口::销毁(bool)" (?销毁@窗口@@UAE_N_N@Z)
_启动窗口.obj : error LNK2001: 无法解析的外部符号 "public: virtual void __thiscall 窗口::事件_菜单快捷键(unsigned short)" (?事件_菜单快捷键@窗口@@UAEXG@Z)
_启动窗口.obj : error LNK2001: 无法解析的外部符号 "public: virtual void __thiscall 窗口::事件_被销毁(void)" (?事件_被销毁@窗口@@UAEXXZ)
_启动窗口.obj : error LNK2001: 无法解析的外部符号 "public: virtual bool __thiscall 窗口::事件_重画(struct tagPAINTSTRUCT &)" (?事件_重画@窗口@@UAE_NAAUtagPAINTSTRUCT@@@Z)
_启动窗口.obj : error LNK2001: 无法解析的外部符号 "public: virtual bool __thiscall 窗口::事件_被关闭(void)" (?事件_被关闭@窗口@@UAE_NXZ)
_启动窗口.obj : error LNK2001: 无法解析的外部符号 "public: virtual void __thiscall 窗口::事件_创建本体(void)" (?事件_创建本体@窗口@@UAEXXZ)
_启动窗口.obj : error LNK2001: 无法解析的外部符号 "public: virtual void __thiscall 窗口::事件_创建完毕(void)" (?事件_创建完毕@窗口@@UAEXXZ)
_启动窗口.obj : error LNK2001: 无法解析的外部符号 "public: virtual void __thiscall 窗口::载入(class 窗口 *,bool)" (?载入@窗口@@UAEXPAV1@_N@Z)
_启动窗口.obj : error LNK2001: 无法解析的外部符号 "public: __thiscall WindowAccel::~WindowAccel(void)" (??1WindowAccel@@QAE@XZ)
_启动窗口.obj : error LNK2001: 无法解析的外部符号 "public: virtual long __thiscall 容器类::挂接消息(struct HWND__ *,unsigned int,unsigned int,long)" (?挂接消息@容器类@@UAEJPAUHWND__@@IIJ@Z)
_启动窗口.obj : error LNK2001: 无法解析的外部符号 "public: virtual bool __thiscall 容器类::销毁(bool)" (?销毁@容器类@@UAE_N_N@Z)
_启动窗口.obj : error LNK2001: 无法解析的外部符号 "public: __thiscall 容器类::~容器类(void)" (??1容器类@@QAE@XZ)
_启动窗口.obj : error LNK2001: 无法解析的外部符号 "public: virtual long __thiscall 窗口基类::挂接消息(struct HWND__ *,unsigned int,unsigned int,long)" (?挂接消息@窗口基类@@UAEJPAUHWND__@@IIJ@Z)
_启动窗口.obj : error LNK2001: 无法解析的外部符号 "public: virtual long __thiscall 窗口基类::通用事件_WMAPP(unsigned int,long)" (?通用事件_WMAPP@窗口基类@@UAEJIJ@Z)
_启动窗口.obj : error LNK2001: 无法解析的外部符号 "public: virtual bool __thiscall 窗口基类::通用事件_鼠标位置被移动(int,int)" (?通用事件_鼠标位置被移动@窗口基类@@UAE_NHH@Z)
_启动窗口.obj : error LNK2001: 无法解析的外部符号 "public: virtual bool __thiscall 窗口基类::通用事件_鼠标右键被放开(int,int)" (?通用事件_鼠标右键被放开@窗口基类@@UAE_NHH@Z)
_启动窗口.obj : error LNK2001: 无法解析的外部符号 "public: virtual bool __thiscall 窗口基类::通用事件_鼠标右键被按下(int,int)" (?通用事件_鼠标右键被按下@窗口基类@@UAE_NHH@Z)
_启动窗口.obj : error LNK2001: 无法解析的外部符号 "public: virtual bool __thiscall 窗口基类::通用事件_鼠标左键双击(int,int)" (?通用事件_鼠标左键双击@窗口基类@@UAE_NHH@Z)
_启动窗口.obj : error LNK2001: 无法解析的外部符号 "public: virtual bool __thiscall 窗口基类::通用事件_鼠标左键被放开(int,int)" (?通用事件_鼠标左键被放开@窗口基类@@UAE_NHH@Z)
_启动窗口.obj : error LNK2001: 无法解析的外部符号 "public: virtual bool __thiscall 窗口基类::通用事件_鼠标左键被按下(int,int)" (?通用事件_鼠标左键被按下@窗口基类@@UAE_NHH@Z)
_启动窗口.obj : error LNK2001: 无法解析的外部符号 "public: virtual bool __thiscall 窗口基类::销毁(bool)" (?销毁@窗口基类@@UAE_N_N@Z)
_启动窗口.obj : error LNK2001: 无法解析的外部符号 "public: __thiscall 窗口基类::~窗口基类(void)" (??1窗口基类@@QAE@XZ)
_启动窗口.obj : error LNK2001: 无法解析的外部符号 "public: virtual long __thiscall 按钮::挂接消息(struct HWND__ *,unsigned int,unsigned int,long)" (?挂接消息@按钮@@UAEJPAUHWND__@@IIJ@Z)
_启动窗口.obj : error LNK2001: 无法解析的外部符号 "public: virtual void __thiscall 按钮::事件_被单击(void)" (?事件_被单击@按钮@@UAEXXZ)
_启动窗口.obj : error LNK2001: 无法解析的外部符号 "protected: virtual bool __thiscall 控件类::销毁(bool)" (?销毁@控件类@@MAE_N_N@Z)
D:\Develop\白菜Win32UI\VS-IDE本体插件\BEModSrc\BEWin32UI\VSDll\Project1.exe : fatal error LNK1120: 33 个无法解析的外部命令
